# JRE version: OpenJDK Runtime Environment Corretto-17.0.11.9.1 (17.0.11+9) (build 17.0.11+9-LTS)
# Java VM: OpenJDK 64-Bit Server VM Corretto-17.0.11.9.1 (17.0.11+9-LTS, mixed mode, sharing, tiered, compressed oops, compressed class ptrs, g1 gc, windows-amd64)
GC Precious Log:
 CPUs: 4 total, 4 available
 Memory: 10196M
 Large Page Support: Disabled
 NUMA Support: Disabled
 Compressed Oops: Enabled (32-bit)
 Heap Region Size: 1M
 Heap Min Capacity: 256M
 Heap Initial Capacity: 256M
 Heap Max Capacity: 512M
 Pre-touch: Disabled
 Parallel Workers: 4
 Concurrent Workers: 1
 Concurrent Refinement Workers: 4
 Periodic GC: Disabled
Heap:
 garbage-first heap   total 262144K, used 225015K [0x00000000e0000000, 0x0000000100000000)
  region size 1024K, 78 young (79872K), 7 survivors (7168K)
 Metaspace       used 124299K, committed 125184K, reserved 458752K
  class space    used 16080K, committed 16512K, reserved 327680K
GC Heap History (20 events):
Event: 55.621 GC heap after
{Heap after GC invocations=11 (full 0):
 garbage-first heap   total 262144K, used 83506K [0x00000000e0000000, 0x0000000100000000)
  region size 1024K, 18 young (18432K), 18 survivors (18432K)
 Metaspace       used 72155K, committed 72768K, reserved 393216K
  class space    used 10128K, committed 10432K, reserved 327680K
}
Event: 59.828 GC heap before
{Heap before GC invocations=11 (full 0):
 garbage-first heap   total 262144K, used 201266K [0x00000000e0000000, 0x0000000100000000)
  region size 1024K, 132 young (135168K), 18 survivors (18432K)
 Metaspace       used 84591K, committed 85248K, reserved 458752K
  class space    used 11525K, committed 11840K, reserved 327680K
}
Event: 59.849 GC heap after
{Heap after GC invocations=12 (full 0):
 garbage-first heap   total 262144K, used 91648K [0x00000000e0000000, 0x0000000100000000)
  region size 1024K, 9 young (9216K), 9 survivors (9216K)
 Metaspace       used 84591K, committed 85248K, reserved 458752K
  class space    used 11525K, committed 11840K, reserved 327680K
}
Event: 65.112 GC heap before
{Heap before GC invocations=12 (full 0):
 garbage-first heap   total 262144K, used 204288K [0x00000000e0000000, 0x0000000100000000)
  region size 1024K, 119 young (121856K), 9 survivors (9216K)
 Metaspace       used 93625K, committed 94336K, reserved 458752K
  class space    used 12548K, committed 12864K, reserved 327680K
}
Event: 65.124 GC heap after
{Heap after GC invocations=13 (full 0):
 garbage-first heap   total 262144K, used 96242K [0x00000000e0000000, 0x0000000100000000)
  region size 1024K, 7 young (7168K), 7 survivors (7168K)
 Metaspace       used 93625K, committed 94336K, reserved 458752K
  class space    used 12548K, committed 12864K, reserved 327680K
}
Event: 66.960 GC heap before
{Heap before GC invocations=13 (full 0):
 garbage-first heap   total 262144K, used 138226K [0x00000000e0000000, 0x0000000100000000)
  region size 1024K, 49 young (50176K), 7 survivors (7168K)
 Metaspace       used 99738K, committed 100416K, reserved 458752K
  class space    used 13177K, committed 13504K, reserved 327680K
}
Event: 66.968 GC heap after
{Heap after GC invocations=14 (full 0):
 garbage-first heap   total 262144K, used 97489K [0x00000000e0000000, 0x0000000100000000)
  region size 1024K, 8 young (8192K), 8 survivors (8192K)
 Metaspace       used 99738K, committed 100416K, reserved 458752K
  class space    used 13177K, committed 13504K, reserved 327680K
}
Event: 78.488 GC heap before
{Heap before GC invocations=15 (full 0):
 garbage-first heap   total 262144K, used 222417K [0x00000000e0000000, 0x0000000100000000)
  region size 1024K, 118 young (120832K), 8 survivors (8192K)
 Metaspace       used 111055K, committed 111872K, reserved 458752K
  class space    used 14641K, committed 15040K, reserved 327680K
}
Event: 78.499 GC heap after
{Heap after GC invocations=16 (full 0):
 garbage-first heap   total 262144K, used 116224K [0x00000000e0000000, 0x0000000100000000)
  region size 1024K, 14 young (14336K), 14 survivors (14336K)
 Metaspace       used 111055K, committed 111872K, reserved 458752K
  class space    used 14641K, committed 15040K, reserved 327680K
}
Event: 78.549 GC heap before
{Heap before GC invocations=16 (full 0):
 garbage-first heap   total 262144K, used 117248K [0x00000000e0000000, 0x0000000100000000)
  region size 1024K, 15 young (15360K), 14 survivors (14336K)
 Metaspace       used 111107K, committed 111936K, reserved 458752K
  class space    used 14650K, committed 15040K, reserved 327680K
}
Event: 78.560 GC heap after
{Heap after GC invocations=17 (full 0):
 garbage-first heap   total 262144K, used 117198K [0x00000000e0000000, 0x0000000100000000)
  region size 1024K, 2 young (2048K), 2 survivors (2048K)
 Metaspace       used 111107K, committed 111936K, reserved 458752K
  class space    used 14650K, committed 15040K, reserved 327680K
}
Event: 84.426 GC heap before
{Heap before GC invocations=17 (full 0):
 garbage-first heap   total 262144K, used 214478K [0x00000000e0000000, 0x0000000100000000)
  region size 1024K, 97 young (99328K), 2 survivors (2048K)
 Metaspace       used 114385K, committed 115136K, reserved 458752K
  class space    used 15040K, committed 15424K, reserved 327680K
}
Event: 84.441 GC heap after
{Heap after GC invocations=18 (full 0):
 garbage-first heap   total 262144K, used 130048K [0x00000000e0000000, 0x0000000100000000)
  region size 1024K, 13 young (13312K), 13 survivors (13312K)
 Metaspace       used 114385K, committed 115136K, reserved 458752K
  class space    used 15040K, committed 15424K, reserved 327680K
}
Event: 93.762 GC heap before
{Heap before GC invocations=19 (full 0):
 garbage-first heap   total 262144K, used 210944K [0x00000000e0000000, 0x0000000100000000)
  region size 1024K, 91 young (93184K), 13 survivors (13312K)
 Metaspace       used 116519K, committed 117312K, reserved 458752K
  class space    used 15176K, committed 15552K, reserved 327680K
}
Event: 93.778 GC heap after
{Heap after GC invocations=20 (full 0):
 garbage-first heap   total 262144K, used 138891K [0x00000000e0000000, 0x0000000100000000)
  region size 1024K, 9 young (9216K), 9 survivors (9216K)
 Metaspace       used 116519K, committed 117312K, reserved 458752K
  class space    used 15176K, committed 15552K, reserved 327680K
}
Event: 94.163 GC heap before
{Heap before GC invocations=20 (full 0):
 garbage-first heap   total 262144K, used 141963K [0x00000000e0000000, 0x0000000100000000)
  region size 1024K, 12 young (12288K), 9 survivors (9216K)
 Metaspace       used 116634K, committed 117440K, reserved 458752K
  class space    used 15186K, committed 15552K, reserved 327680K
}
Event: 94.173 GC heap after
{Heap after GC invocations=21 (full 0):
 garbage-first heap   total 262144K, used 137119K [0x00000000e0000000, 0x0000000100000000)
  region size 1024K, 2 young (2048K), 2 survivors (2048K)
 Metaspace       used 116634K, committed 117440K, reserved 458752K
  class space    used 15186K, committed 15552K, reserved 327680K
}
Event: 95.865 GC heap before
{Heap before GC invocations=21 (full 0):
 garbage-first heap   total 262144K, used 161695K [0x00000000e0000000, 0x0000000100000000)
  region size 1024K, 27 young (27648K), 2 survivors (2048K)
 Metaspace       used 117986K, committed 118784K, reserved 458752K
  class space    used 15291K, committed 15680K, reserved 327680K
}
Event: 95.872 GC heap after
{Heap after GC invocations=22 (full 0):
 garbage-first heap   total 262144K, used 140023K [0x00000000e0000000, 0x0000000100000000)
  region size 1024K, 5 young (5120K), 5 survivors (5120K)
 Metaspace       used 117986K, committed 118784K, reserved 458752K
  class space    used 15291K, committed 15680K, reserved 327680K
}
Event: 104.310 GC heap before
{Heap before GC invocations=23 (full 0):
 garbage-first heap   total 262144K, used 223991K [0x00000000e0000000, 0x0000000100000000)
  region size 1024K, 76 young (77824K), 5 survivors (5120K)
 Metaspace       used 124299K, committed 125184K, reserved 458752K
  class space    used 16080K, committed 16512K, reserved 327680K
}

